SF:lib/pages/login/login_model.dart
DA:7,1
DA:12,0
DA:13,0
DA:15,0
DA:16,0
DA:21,0
DA:22,0
DA:23,0
DA:24,0
DA:28,0
DA:30,0
DA:31,0
LF:12
LH:1
end_of_record
SF:lib/pages/login/login_repository.dart
DA:7,1
DA:9,1
DA:12,2
DA:13,2
DA:14,1
LF:5
LH:5
end_of_record
SF:lib/pages/sign_up/sign_up_model.dart
DA:7,1
DA:13,0
DA:14,0
DA:16,0
DA:17,0
DA:18,0
DA:23,0
DA:24,0
DA:25,0
DA:26,0
DA:27,0
DA:31,0
DA:33,0
DA:34,0
LF:14
LH:1
end_of_record
SF:lib/pages/sign_up/sign_up_repository.dart
DA:11,1
DA:16,1
DA:18,2
DA:19,1
DA:20,1
DA:22,1
DA:25,1
DA:26,2
DA:34,1
DA:37,2
DA:38,0
DA:39,0
DA:40,0
LF:13
LH:10
end_of_record
